<?xml version="1.0" encoding="UTF-8"?>
<!-- Generated by org.testng.reporters.JUnitReportReporter -->
<testsuite hostname="360NDCLP354" failures="0" tests="4" name="requestMethods.DataDrivenExamples" time="1.681" errors="0" timestamp="2023-09-11T11:53:24 IST" skipped="0">
  <testcase classname="requestMethods.DataDrivenExamples" name="test_delete" time="1.548"/>
  <system-out/>
  <testcase classname="requestMethods.DataDrivenExamples" name="test_delete" time="0.045"/>
  <system-out/>
  <testcase classname="requestMethods.DataDrivenExamples" name="test_delete" time="0.042"/>
  <system-out/>
  <testcase classname="requestMethods.DataDrivenExamples" name="test_delete" time="0.046"/>
  <system-out/>
</testsuite> <!-- requestMethods.DataDrivenExamples -->
