<?xml version="1.0" encoding="UTF-8"?>
<!-- Generated by org.testng.reporters.JUnitReportReporter -->
<testsuite hostname="360NDCLP354" failures="0" tests="1" name="requestMethods.FindID2" time="2.482" errors="0" timestamp="2023-09-19T12:17:14 IST" skipped="0">
  <testcase classname="requestMethods.FindID2" name="name" time="2.482"/>
  <system-out/>
</testsuite> <!-- requestMethods.FindID2 -->
