<?xml version="1.0" encoding="UTF-8"?>
<!-- Generated by org.testng.reporters.JUnitReportReporter -->
<testsuite hostname="360NDCLP354" failures="0" tests="1" name="requestMethods.Test_Posts" time="2.085" errors="0" timestamp="2023-09-10T08:06:02 IST" skipped="0">
  <testcase classname="requestMethods.Test_Posts" name="test_delete" time="2.085"/>
  <system-out/>
</testsuite> <!-- requestMethods.Test_Posts -->
