<?xml version="1.0" encoding="UTF-8"?>
<!-- Generated by org.testng.reporters.JUnitReportReporter -->
<testsuite hostname="360NDCLP354" failures="0" tests="1" name="requestMethods.searchPage" time="0.009" errors="0" timestamp="2023-09-21T12:45:36 IST" skipped="0">
  <testcase classname="requestMethods.searchPage" name="searchData" time="0.009"/>
  <system-out/>
</testsuite> <!-- requestMethods.searchPage -->
