<?xml version="1.0" encoding="UTF-8"?>
<!-- Generated by org.testng.reporters.JUnitReportReporter -->
<testsuite hostname="360NDCLP354" failures="0" tests="1" name="requestMethods.CreateDataClassByPost" time="0.997" errors="0" timestamp="2023-09-11T14:51:39 IST" skipped="0">
  <testcase classname="requestMethods.CreateDataClassByPost" name="deleteData" time="0.997"/>
  <system-out/>
</testsuite> <!-- requestMethods.CreateDataClassByPost -->
