<?xml version="1.0" encoding="UTF-8"?>
<!-- Generated by org.testng.reporters.JUnitReportReporter -->
<testsuite hostname="360NDCLP354" failures="0" tests="1" name="requestMethods.ParcingJSONResponseData" time="1.470" errors="0" timestamp="2023-09-20T12:59:03 IST" skipped="0">
  <testcase classname="requestMethods.ParcingJSONResponseData" name="parcing_Test1" time="1.470"/>
  <system-out/>
</testsuite> <!-- requestMethods.ParcingJSONResponseData -->
