<?xml version="1.0" encoding="UTF-8"?>
<!-- Generated by org.testng.reporters.JUnitReportReporter -->
<testsuite hostname="360NDCLP354" failures="0" tests="1" name="requestMethods.Test02_GET" time="6.151" errors="0" timestamp="2023-09-09T15:56:02 IST" skipped="0">
  <testcase classname="requestMethods.Test02_GET" name="test_01" time="6.151"/>
  <system-out/>
</testsuite> <!-- requestMethods.Test02_GET -->
