<?xml version="1.0" encoding="UTF-8"?>
<!-- Generated by org.testng.reporters.JUnitReportReporter -->
<testsuite hostname="360NDCLP354" failures="0" tests="1" name="requestMethods.CookiesDemo" time="2.926" errors="0" timestamp="2023-09-19T14:47:12 IST" skipped="0">
  <testcase classname="requestMethods.CookiesDemo" name="cookiesTest2" time="2.926"/>
  <system-out/>
</testsuite> <!-- requestMethods.CookiesDemo -->
