<?xml version="1.0" encoding="UTF-8"?>
<!-- Generated by org.testng.reporters.JUnitReportReporter -->
<testsuite hostname="360NDCLP354" failures="0" tests="1" name="requestMethods.LoggingDemo" time="2.354" errors="0" timestamp="2023-09-19T15:58:21 IST" skipped="0">
  <testcase classname="requestMethods.LoggingDemo" name="log_Test" time="2.354"/>
  <system-out/>
</testsuite> <!-- requestMethods.LoggingDemo -->
