<?xml version="1.0" encoding="UTF-8"?>
<!-- Generated by org.testng.reporters.JUnitReportReporter -->
<testsuite hostname="360NDCLP354" failures="0" tests="1" name="requestMethods.Examples" time="0.985" errors="0" timestamp="2023-09-11T09:54:24 IST" skipped="0">
  <testcase classname="requestMethods.Examples" name="test_deleteM" time="0.985"/>
  <system-out/>
</testsuite> <!-- requestMethods.Examples -->
