<?xml version="1.0" encoding="UTF-8"?>
<!-- Generated by org.testng.reporters.JUnitReportReporter -->
<testsuite hostname="360NDCLP354" failures="0" tests="1" name="requestMethods.Test_Posts" time="0.389" errors="0" timestamp="2023-09-22T11:16:58 IST" skipped="0">
  <testcase classname="requestMethods.Test_Posts" name="test_delete" time="0.389"/>
</testsuite> <!-- requestMethods.Test_Posts -->
