<?xml version="1.0" encoding="UTF-8"?>
<!-- Generated by org.testng.reporters.JUnitReportReporter -->
<testsuite hostname="360NDCLP354" failures="0" tests="2" name="requestMethods.Test01_GET" time="1.213" errors="0" timestamp="2023-09-22T11:16:58 IST" skipped="0">
  <testcase classname="requestMethods.Test01_GET" name="Test02" time="1.061"/>
  <testcase classname="requestMethods.Test01_GET" name="test_01" time="0.152"/>
</testsuite> <!-- requestMethods.Test01_GET -->
