<?xml version="1.0" encoding="UTF-8"?>
<!-- Generated by org.testng.reporters.JUnitReportReporter -->
<testsuite hostname="360NDCLP354" failures="0" tests="1" name="requestMethods.Test02_GET" time="0.455" errors="0" timestamp="2023-09-22T11:16:58 IST" skipped="0">
  <testcase classname="requestMethods.Test02_GET" name="test_01" time="0.455"/>
</testsuite> <!-- requestMethods.Test02_GET -->
