<?xml version="1.0" encoding="UTF-8"?>
<!-- Generated by org.testng.reporters.JUnitReportReporter -->
<testsuite hostname="360NDCLP354" failures="0" tests="1" name="requestMethods.Header_Tests" time="1.954" errors="0" timestamp="2023-09-22T11:16:58 IST" skipped="0">
  <testcase classname="requestMethods.Header_Tests" name="headerTest2" time="1.954"/>
</testsuite> <!-- requestMethods.Header_Tests -->
